ERROR - 2022-02-14 08:38:07 --> Column 'no_telepon' cannot be null
CRITICAL - 2022-02-14 08:38:07 --> Column 'no_telepon' cannot be null
#0 C:\laragon\www\edi_pelaminan\system\Database\MySQLi\Connection.php(292): mysqli->query('INSERT INTO `pe...', 0)
#1 C:\laragon\www\edi_pelaminan\system\Database\BaseConnection.php(670): CodeIgniter\Database\MySQLi\Connection->execute('INSERT INTO `pe...')
#2 C:\laragon\www\edi_pelaminan\system\Database\BaseConnection.php(598): CodeIgniter\Database\BaseConnection->simpleQuery('INSERT INTO `pe...')
#3 C:\laragon\www\edi_pelaminan\system\Database\BaseBuilder.php(1771): CodeIgniter\Database\BaseConnection->query('INSERT INTO `pe...', Array, false)
#4 C:\laragon\www\edi_pelaminan\app\Controllers\C_front.php(42): CodeIgniter\Database\BaseBuilder->insert(Array)
#5 C:\laragon\www\edi_pelaminan\system\CodeIgniter.php(825): App\Controllers\C_front->save_reg()
#6 C:\laragon\www\edi_pelaminan\system\CodeIgniter.php(412): CodeIgniter\CodeIgniter->runController(Object(App\Controllers\C_front))
#7 C:\laragon\www\edi_pelaminan\system\CodeIgniter.php(320): CodeIgniter\CodeIgniter->handleRequest(NULL, Object(Config\Cache), false)
#8 C:\laragon\www\edi_pelaminan\index.php(37): CodeIgniter\CodeIgniter->run()
#9 {main}
CRITICAL - 2022-02-14 08:46:10 --> Object of class CodeIgniter\HTTP\IncomingRequest could not be converted to string
#0 C:\laragon\www\edi_pelaminan\system\CodeIgniter.php(825): App\Controllers\C_front->save_reg()
#1 C:\laragon\www\edi_pelaminan\system\CodeIgniter.php(412): CodeIgniter\CodeIgniter->runController(Object(App\Controllers\C_front))
#2 C:\laragon\www\edi_pelaminan\system\CodeIgniter.php(320): CodeIgniter\CodeIgniter->handleRequest(NULL, Object(Config\Cache), false)
#3 C:\laragon\www\edi_pelaminan\index.php(37): CodeIgniter\CodeIgniter->run()
#4 {main}
CRITICAL - 2022-02-14 08:54:19 --> Object of class CodeIgniter\Validation\Validation could not be converted to string
#0 C:\laragon\www\edi_pelaminan\system\View\View.php(210): include()
#1 C:\laragon\www\edi_pelaminan\system\View\View.php(213): CodeIgniter\View\View->CodeIgniter\View\{closure}()
#2 C:\laragon\www\edi_pelaminan\system\Common.php(1089): CodeIgniter\View\View->render('template_front/...', Array, true)
#3 C:\laragon\www\edi_pelaminan\app\Controllers\C_front.php(24): view('template_front/...')
#4 C:\laragon\www\edi_pelaminan\system\CodeIgniter.php(825): App\Controllers\C_front->registrasi()
#5 C:\laragon\www\edi_pelaminan\system\CodeIgniter.php(412): CodeIgniter\CodeIgniter->runController(Object(App\Controllers\C_front))
#6 C:\laragon\www\edi_pelaminan\system\CodeIgniter.php(320): CodeIgniter\CodeIgniter->handleRequest(NULL, Object(Config\Cache), false)
#7 C:\laragon\www\edi_pelaminan\index.php(37): CodeIgniter\CodeIgniter->run()
#8 {main}
CRITICAL - 2022-02-14 09:04:45 --> Object of class CodeIgniter\Validation\Validation could not be converted to string
#0 C:\laragon\www\edi_pelaminan\system\View\View.php(210): include()
#1 C:\laragon\www\edi_pelaminan\system\View\View.php(213): CodeIgniter\View\View->CodeIgniter\View\{closure}()
#2 C:\laragon\www\edi_pelaminan\system\Common.php(1089): CodeIgniter\View\View->render('template_front/...', Array, true)
#3 C:\laragon\www\edi_pelaminan\app\Controllers\C_front.php(26): view('template_front/...', Array)
#4 C:\laragon\www\edi_pelaminan\system\CodeIgniter.php(825): App\Controllers\C_front->registrasi()
#5 C:\laragon\www\edi_pelaminan\system\CodeIgniter.php(412): CodeIgniter\CodeIgniter->runController(Object(App\Controllers\C_front))
#6 C:\laragon\www\edi_pelaminan\system\CodeIgniter.php(320): CodeIgniter\CodeIgniter->handleRequest(NULL, Object(Config\Cache), false)
#7 C:\laragon\www\edi_pelaminan\index.php(37): CodeIgniter\CodeIgniter->run()
#8 {main}
CRITICAL - 2022-02-14 09:16:25 --> Undefined variable: db
#0 C:\laragon\www\edi_pelaminan\app\Controllers\C_front.php(11): CodeIgniter\Debug\Exceptions->errorHandler(8, 'Undefined varia...', 'C:\\laragon\\www\\...', 11, Array)
#1 C:\laragon\www\edi_pelaminan\system\CodeIgniter.php(825): App\Controllers\C_front->index()
#2 C:\laragon\www\edi_pelaminan\system\CodeIgniter.php(412): CodeIgniter\CodeIgniter->runController(Object(App\Controllers\C_front))
#3 C:\laragon\www\edi_pelaminan\system\CodeIgniter.php(320): CodeIgniter\CodeIgniter->handleRequest(NULL, Object(Config\Cache), false)
#4 C:\laragon\www\edi_pelaminan\index.php(37): CodeIgniter\CodeIgniter->run()
#5 {main}
CRITICAL - 2022-02-14 23:02:44 --> Undefined variable: level
#0 C:\laragon\www\edi_pelaminan\app\Views\template\V_menu.php(25): CodeIgniter\Debug\Exceptions->errorHandler(8, 'Undefined varia...', 'C:\\laragon\\www\\...', 25, Array)
#1 C:\laragon\www\edi_pelaminan\system\View\View.php(210): include('C:\\laragon\\www\\...')
#2 C:\laragon\www\edi_pelaminan\system\View\View.php(213): CodeIgniter\View\View->CodeIgniter\View\{closure}()
#3 C:\laragon\www\edi_pelaminan\system\View\View.php(424): CodeIgniter\View\View->render('template/V_menu', NULL, true)
#4 C:\laragon\www\edi_pelaminan\app\Views\template\V_header.php(60): CodeIgniter\View\View->include('template/V_menu')
#5 C:\laragon\www\edi_pelaminan\system\View\View.php(210): include('C:\\laragon\\www\\...')
#6 C:\laragon\www\edi_pelaminan\system\View\View.php(213): CodeIgniter\View\View->CodeIgniter\View\{closure}()
#7 C:\laragon\www\edi_pelaminan\system\View\View.php(226): CodeIgniter\View\View->render('template/V_head...', Array, true)
#8 C:\laragon\www\edi_pelaminan\system\Common.php(1089): CodeIgniter\View\View->render('front_penyewaan...', Array, true)
#9 C:\laragon\www\edi_pelaminan\app\Controllers\C_front_sewa.php(17): view('front_penyewaan...', Array)
#10 C:\laragon\www\edi_pelaminan\system\CodeIgniter.php(825): App\Controllers\C_front_sewa->index()
#11 C:\laragon\www\edi_pelaminan\system\CodeIgniter.php(412): CodeIgniter\CodeIgniter->runController(Object(App\Controllers\C_front_sewa))
#12 C:\laragon\www\edi_pelaminan\system\CodeIgniter.php(320): CodeIgniter\CodeIgniter->handleRequest(NULL, Object(Config\Cache), false)
#13 C:\laragon\www\edi_pelaminan\index.php(37): CodeIgniter\CodeIgniter->run()
#14 {main}
CRITICAL - 2022-02-14 23:15:34 --> Undefined variable: session
#0 C:\laragon\www\edi_pelaminan\app\Views\front_penyewaan\V_add_penyewaan.php(22): CodeIgniter\Debug\Exceptions->errorHandler(8, 'Undefined varia...', 'C:\\laragon\\www\\...', 22, Array)
#1 C:\laragon\www\edi_pelaminan\system\View\View.php(210): include('C:\\laragon\\www\\...')
#2 C:\laragon\www\edi_pelaminan\system\View\View.php(213): CodeIgniter\View\View->CodeIgniter\View\{closure}()
#3 C:\laragon\www\edi_pelaminan\system\Common.php(1089): CodeIgniter\View\View->render('front_penyewaan...', Array, true)
#4 C:\laragon\www\edi_pelaminan\app\Controllers\C_front_sewa.php(28): view('front_penyewaan...', Array)
#5 C:\laragon\www\edi_pelaminan\system\CodeIgniter.php(825): App\Controllers\C_front_sewa->add_penyewaan()
#6 C:\laragon\www\edi_pelaminan\system\CodeIgniter.php(412): CodeIgniter\CodeIgniter->runController(Object(App\Controllers\C_front_sewa))
#7 C:\laragon\www\edi_pelaminan\system\CodeIgniter.php(320): CodeIgniter\CodeIgniter->handleRequest(NULL, Object(Config\Cache), false)
#8 C:\laragon\www\edi_pelaminan\index.php(37): CodeIgniter\CodeIgniter->run()
#9 {main}
