CRITICAL - 2022-07-14 06:36:06 --> Undefined variable: sudah_dibayar
#0 C:\xampp\htdocs\edi_pelaminan\app\Views\laporan\V_laporan_penyewaan.php(88): CodeIgniter\Debug\Exceptions->errorHandler(8, 'Undefined varia...', 'C:\\xampp\\htdocs...', 88, Array)
#1 C:\xampp\htdocs\edi_pelaminan\system\View\View.php(210): include('C:\\xampp\\htdocs...')
#2 C:\xampp\htdocs\edi_pelaminan\system\View\View.php(213): CodeIgniter\View\View->CodeIgniter\View\{closure}()
#3 C:\xampp\htdocs\edi_pelaminan\system\Common.php(1089): CodeIgniter\View\View->render('laporan/V_lapor...', Array, true)
#4 C:\xampp\htdocs\edi_pelaminan\app\Controllers\C_laporan.php(43): view('laporan/V_lapor...', Array)
#5 C:\xampp\htdocs\edi_pelaminan\system\CodeIgniter.php(825): App\Controllers\C_laporan->laporan_penyewaan()
#6 C:\xampp\htdocs\edi_pelaminan\system\CodeIgniter.php(412): CodeIgniter\CodeIgniter->runController(Object(App\Controllers\C_laporan))
#7 C:\xampp\htdocs\edi_pelaminan\system\CodeIgniter.php(320): CodeIgniter\CodeIgniter->handleRequest(NULL, Object(Config\Cache), false)
#8 C:\xampp\htdocs\edi_pelaminan\index.php(37): CodeIgniter\CodeIgniter->run()
#9 {main}
CRITICAL - 2022-07-14 06:36:08 --> Undefined variable: sudah_dibayar
#0 C:\xampp\htdocs\edi_pelaminan\app\Views\laporan\V_laporan_penyewaan.php(88): CodeIgniter\Debug\Exceptions->errorHandler(8, 'Undefined varia...', 'C:\\xampp\\htdocs...', 88, Array)
#1 C:\xampp\htdocs\edi_pelaminan\system\View\View.php(210): include('C:\\xampp\\htdocs...')
#2 C:\xampp\htdocs\edi_pelaminan\system\View\View.php(213): CodeIgniter\View\View->CodeIgniter\View\{closure}()
#3 C:\xampp\htdocs\edi_pelaminan\system\Common.php(1089): CodeIgniter\View\View->render('laporan/V_lapor...', Array, true)
#4 C:\xampp\htdocs\edi_pelaminan\app\Controllers\C_laporan.php(43): view('laporan/V_lapor...', Array)
#5 C:\xampp\htdocs\edi_pelaminan\system\CodeIgniter.php(825): App\Controllers\C_laporan->laporan_penyewaan()
#6 C:\xampp\htdocs\edi_pelaminan\system\CodeIgniter.php(412): CodeIgniter\CodeIgniter->runController(Object(App\Controllers\C_laporan))
#7 C:\xampp\htdocs\edi_pelaminan\system\CodeIgniter.php(320): CodeIgniter\CodeIgniter->handleRequest(NULL, Object(Config\Cache), false)
#8 C:\xampp\htdocs\edi_pelaminan\index.php(37): CodeIgniter\CodeIgniter->run()
#9 {main}
CRITICAL - 2022-07-14 06:36:17 --> Undefined variable: sudah_dibayar
#0 C:\xampp\htdocs\edi_pelaminan\app\Views\laporan\V_laporan_penyewaan.php(88): CodeIgniter\Debug\Exceptions->errorHandler(8, 'Undefined varia...', 'C:\\xampp\\htdocs...', 88, Array)
#1 C:\xampp\htdocs\edi_pelaminan\system\View\View.php(210): include('C:\\xampp\\htdocs...')
#2 C:\xampp\htdocs\edi_pelaminan\system\View\View.php(213): CodeIgniter\View\View->CodeIgniter\View\{closure}()
#3 C:\xampp\htdocs\edi_pelaminan\system\Common.php(1089): CodeIgniter\View\View->render('laporan/V_lapor...', Array, true)
#4 C:\xampp\htdocs\edi_pelaminan\app\Controllers\C_laporan.php(43): view('laporan/V_lapor...', Array)
#5 C:\xampp\htdocs\edi_pelaminan\system\CodeIgniter.php(825): App\Controllers\C_laporan->laporan_penyewaan()
#6 C:\xampp\htdocs\edi_pelaminan\system\CodeIgniter.php(412): CodeIgniter\CodeIgniter->runController(Object(App\Controllers\C_laporan))
#7 C:\xampp\htdocs\edi_pelaminan\system\CodeIgniter.php(320): CodeIgniter\CodeIgniter->handleRequest(NULL, Object(Config\Cache), false)
#8 C:\xampp\htdocs\edi_pelaminan\index.php(37): CodeIgniter\CodeIgniter->run()
#9 {main}
CRITICAL - 2022-07-14 06:38:24 --> Undefined variable: sudah_dibayar
#0 C:\xampp\htdocs\edi_pelaminan\app\Views\laporan\V_laporan_penyewaan.php(88): CodeIgniter\Debug\Exceptions->errorHandler(8, 'Undefined varia...', 'C:\\xampp\\htdocs...', 88, Array)
#1 C:\xampp\htdocs\edi_pelaminan\system\View\View.php(210): include('C:\\xampp\\htdocs...')
#2 C:\xampp\htdocs\edi_pelaminan\system\View\View.php(213): CodeIgniter\View\View->CodeIgniter\View\{closure}()
#3 C:\xampp\htdocs\edi_pelaminan\system\Common.php(1089): CodeIgniter\View\View->render('laporan/V_lapor...', Array, true)
#4 C:\xampp\htdocs\edi_pelaminan\app\Controllers\C_laporan.php(43): view('laporan/V_lapor...', Array)
#5 C:\xampp\htdocs\edi_pelaminan\system\CodeIgniter.php(825): App\Controllers\C_laporan->laporan_penyewaan()
#6 C:\xampp\htdocs\edi_pelaminan\system\CodeIgniter.php(412): CodeIgniter\CodeIgniter->runController(Object(App\Controllers\C_laporan))
#7 C:\xampp\htdocs\edi_pelaminan\system\CodeIgniter.php(320): CodeIgniter\CodeIgniter->handleRequest(NULL, Object(Config\Cache), false)
#8 C:\xampp\htdocs\edi_pelaminan\index.php(37): CodeIgniter\CodeIgniter->run()
#9 {main}
CRITICAL - 2022-07-14 06:39:20 --> Undefined variable: sisa
#0 C:\xampp\htdocs\edi_pelaminan\app\Views\laporan\V_laporan_penyewaan.php(121): CodeIgniter\Debug\Exceptions->errorHandler(8, 'Undefined varia...', 'C:\\xampp\\htdocs...', 121, Array)
#1 C:\xampp\htdocs\edi_pelaminan\system\View\View.php(210): include('C:\\xampp\\htdocs...')
#2 C:\xampp\htdocs\edi_pelaminan\system\View\View.php(213): CodeIgniter\View\View->CodeIgniter\View\{closure}()
#3 C:\xampp\htdocs\edi_pelaminan\system\Common.php(1089): CodeIgniter\View\View->render('laporan/V_lapor...', Array, true)
#4 C:\xampp\htdocs\edi_pelaminan\app\Controllers\C_laporan.php(43): view('laporan/V_lapor...', Array)
#5 C:\xampp\htdocs\edi_pelaminan\system\CodeIgniter.php(825): App\Controllers\C_laporan->laporan_penyewaan()
#6 C:\xampp\htdocs\edi_pelaminan\system\CodeIgniter.php(412): CodeIgniter\CodeIgniter->runController(Object(App\Controllers\C_laporan))
#7 C:\xampp\htdocs\edi_pelaminan\system\CodeIgniter.php(320): CodeIgniter\CodeIgniter->handleRequest(NULL, Object(Config\Cache), false)
#8 C:\xampp\htdocs\edi_pelaminan\index.php(37): CodeIgniter\CodeIgniter->run()
#9 {main}
