CRITICAL - 2022-02-06 00:35:21 --> Undefined variable: data_penyewa
#0 C:\laragon\www\edi_pelaminan\app\Views\penyewaan\V_add_penyewaan.php(112): CodeIgniter\Debug\Exceptions->errorHandler(8, 'Undefined varia...', 'C:\\laragon\\www\\...', 112, Array)
#1 C:\laragon\www\edi_pelaminan\system\View\View.php(210): include('C:\\laragon\\www\\...')
#2 C:\laragon\www\edi_pelaminan\system\View\View.php(213): CodeIgniter\View\View->CodeIgniter\View\{closure}()
#3 C:\laragon\www\edi_pelaminan\system\Common.php(1089): CodeIgniter\View\View->render('penyewaan/V_add...', Array, true)
#4 C:\laragon\www\edi_pelaminan\app\Controllers\C_sewa.php(23): view('penyewaan/V_add...', Array)
#5 C:\laragon\www\edi_pelaminan\system\CodeIgniter.php(825): App\Controllers\C_sewa->add_penyewaan()
#6 C:\laragon\www\edi_pelaminan\system\CodeIgniter.php(412): CodeIgniter\CodeIgniter->runController(Object(App\Controllers\C_sewa))
#7 C:\laragon\www\edi_pelaminan\system\CodeIgniter.php(320): CodeIgniter\CodeIgniter->handleRequest(NULL, Object(Config\Cache), false)
#8 C:\laragon\www\edi_pelaminan\index.php(37): CodeIgniter\CodeIgniter->run()
#9 {main}
CRITICAL - 2022-02-06 02:23:47 --> Undefined property: CodeIgniter\View\View::$db
#0 C:\laragon\www\edi_pelaminan\app\Views\penyewaan\V_temp_sewa.php(13): CodeIgniter\Debug\Exceptions->errorHandler(8, 'Undefined prope...', 'C:\\laragon\\www\\...', 13, Array)
#1 C:\laragon\www\edi_pelaminan\system\View\View.php(210): include('C:\\laragon\\www\\...')
#2 C:\laragon\www\edi_pelaminan\system\View\View.php(213): CodeIgniter\View\View->CodeIgniter\View\{closure}()
#3 C:\laragon\www\edi_pelaminan\system\Common.php(1089): CodeIgniter\View\View->render('penyewaan/V_tem...', Array, true)
#4 C:\laragon\www\edi_pelaminan\app\Controllers\C_sewa.php(37): view('penyewaan/V_tem...')
#5 C:\laragon\www\edi_pelaminan\system\CodeIgniter.php(825): App\Controllers\C_sewa->save_temp_sewa()
#6 C:\laragon\www\edi_pelaminan\system\CodeIgniter.php(412): CodeIgniter\CodeIgniter->runController(Object(App\Controllers\C_sewa))
#7 C:\laragon\www\edi_pelaminan\system\CodeIgniter.php(320): CodeIgniter\CodeIgniter->handleRequest(NULL, Object(Config\Cache), false)
#8 C:\laragon\www\edi_pelaminan\index.php(37): CodeIgniter\CodeIgniter->run()
#9 {main}
ERROR - 2022-02-06 02:23:54 --> Column 'id_penyewa' cannot be null
CRITICAL - 2022-02-06 02:23:54 --> Column 'id_penyewa' cannot be null
#0 C:\laragon\www\edi_pelaminan\system\Database\MySQLi\Connection.php(292): mysqli->query('INSERT INTO `te...', 0)
#1 C:\laragon\www\edi_pelaminan\system\Database\BaseConnection.php(670): CodeIgniter\Database\MySQLi\Connection->execute('INSERT INTO `te...')
#2 C:\laragon\www\edi_pelaminan\system\Database\BaseConnection.php(598): CodeIgniter\Database\BaseConnection->simpleQuery('INSERT INTO `te...')
#3 C:\laragon\www\edi_pelaminan\system\Database\BaseBuilder.php(1771): CodeIgniter\Database\BaseConnection->query('INSERT INTO `te...', Array, false)
#4 C:\laragon\www\edi_pelaminan\app\Controllers\C_sewa.php(36): CodeIgniter\Database\BaseBuilder->insert(Array)
#5 C:\laragon\www\edi_pelaminan\system\CodeIgniter.php(825): App\Controllers\C_sewa->save_temp_sewa()
#6 C:\laragon\www\edi_pelaminan\system\CodeIgniter.php(412): CodeIgniter\CodeIgniter->runController(Object(App\Controllers\C_sewa))
#7 C:\laragon\www\edi_pelaminan\system\CodeIgniter.php(320): CodeIgniter\CodeIgniter->handleRequest(NULL, Object(Config\Cache), false)
#8 C:\laragon\www\edi_pelaminan\index.php(37): CodeIgniter\CodeIgniter->run()
#9 {main}
CRITICAL - 2022-02-06 02:31:21 --> Undefined property: CodeIgniter\View\View::$db
#0 C:\laragon\www\edi_pelaminan\app\Views\penyewaan\V_temp_sewa.php(13): CodeIgniter\Debug\Exceptions->errorHandler(8, 'Undefined prope...', 'C:\\laragon\\www\\...', 13, Array)
#1 C:\laragon\www\edi_pelaminan\system\View\View.php(210): include('C:\\laragon\\www\\...')
#2 C:\laragon\www\edi_pelaminan\system\View\View.php(213): CodeIgniter\View\View->CodeIgniter\View\{closure}()
#3 C:\laragon\www\edi_pelaminan\system\Common.php(1089): CodeIgniter\View\View->render('penyewaan/V_tem...', Array, true)
#4 C:\laragon\www\edi_pelaminan\app\Controllers\C_sewa.php(37): view('penyewaan/V_tem...')
#5 C:\laragon\www\edi_pelaminan\system\CodeIgniter.php(825): App\Controllers\C_sewa->save_temp_sewa()
#6 C:\laragon\www\edi_pelaminan\system\CodeIgniter.php(412): CodeIgniter\CodeIgniter->runController(Object(App\Controllers\C_sewa))
#7 C:\laragon\www\edi_pelaminan\system\CodeIgniter.php(320): CodeIgniter\CodeIgniter->handleRequest(NULL, Object(Config\Cache), false)
#8 C:\laragon\www\edi_pelaminan\index.php(37): CodeIgniter\CodeIgniter->run()
#9 {main}
ERROR - 2022-02-06 02:31:27 --> Column 'id_penyewa' cannot be null
CRITICAL - 2022-02-06 02:31:27 --> Column 'id_penyewa' cannot be null
#0 C:\laragon\www\edi_pelaminan\system\Database\MySQLi\Connection.php(292): mysqli->query('INSERT INTO `te...', 0)
#1 C:\laragon\www\edi_pelaminan\system\Database\BaseConnection.php(670): CodeIgniter\Database\MySQLi\Connection->execute('INSERT INTO `te...')
#2 C:\laragon\www\edi_pelaminan\system\Database\BaseConnection.php(598): CodeIgniter\Database\BaseConnection->simpleQuery('INSERT INTO `te...')
#3 C:\laragon\www\edi_pelaminan\system\Database\BaseBuilder.php(1771): CodeIgniter\Database\BaseConnection->query('INSERT INTO `te...', Array, false)
#4 C:\laragon\www\edi_pelaminan\app\Controllers\C_sewa.php(36): CodeIgniter\Database\BaseBuilder->insert(Array)
#5 C:\laragon\www\edi_pelaminan\system\CodeIgniter.php(825): App\Controllers\C_sewa->save_temp_sewa()
#6 C:\laragon\www\edi_pelaminan\system\CodeIgniter.php(412): CodeIgniter\CodeIgniter->runController(Object(App\Controllers\C_sewa))
#7 C:\laragon\www\edi_pelaminan\system\CodeIgniter.php(320): CodeIgniter\CodeIgniter->handleRequest(NULL, Object(Config\Cache), false)
#8 C:\laragon\www\edi_pelaminan\index.php(37): CodeIgniter\CodeIgniter->run()
#9 {main}
