ERROR - 2022-08-17 02:55:06 --> Unknown column 'stok' in 'field list'
CRITICAL - 2022-08-17 02:55:06 --> Unknown column 'stok' in 'field list'
#0 C:\laragon\www\edi_pelaminan\system\Database\MySQLi\Connection.php(292): mysqli->query('INSERT INTO `te...', 0)
#1 C:\laragon\www\edi_pelaminan\system\Database\BaseConnection.php(670): CodeIgniter\Database\MySQLi\Connection->execute('INSERT INTO `te...')
#2 C:\laragon\www\edi_pelaminan\system\Database\BaseConnection.php(598): CodeIgniter\Database\BaseConnection->simpleQuery('INSERT INTO `te...')
#3 C:\laragon\www\edi_pelaminan\system\Database\BaseBuilder.php(1771): CodeIgniter\Database\BaseConnection->query('INSERT INTO `te...', Array, false)
#4 C:\laragon\www\edi_pelaminan\app\Controllers\C_front_sewa.php(52): CodeIgniter\Database\BaseBuilder->insert(Array)
#5 C:\laragon\www\edi_pelaminan\system\CodeIgniter.php(825): App\Controllers\C_front_sewa->save_temp_sewa()
#6 C:\laragon\www\edi_pelaminan\system\CodeIgniter.php(412): CodeIgniter\CodeIgniter->runController(Object(App\Controllers\C_front_sewa))
#7 C:\laragon\www\edi_pelaminan\system\CodeIgniter.php(320): CodeIgniter\CodeIgniter->handleRequest(NULL, Object(Config\Cache), false)
#8 C:\laragon\www\edi_pelaminan\index.php(37): CodeIgniter\CodeIgniter->run()
#9 {main}
ERROR - 2022-08-17 02:55:09 --> Unknown column 'stok' in 'field list'
CRITICAL - 2022-08-17 02:55:09 --> Unknown column 'stok' in 'field list'
#0 C:\laragon\www\edi_pelaminan\system\Database\MySQLi\Connection.php(292): mysqli->query('INSERT INTO `te...', 0)
#1 C:\laragon\www\edi_pelaminan\system\Database\BaseConnection.php(670): CodeIgniter\Database\MySQLi\Connection->execute('INSERT INTO `te...')
#2 C:\laragon\www\edi_pelaminan\system\Database\BaseConnection.php(598): CodeIgniter\Database\BaseConnection->simpleQuery('INSERT INTO `te...')
#3 C:\laragon\www\edi_pelaminan\system\Database\BaseBuilder.php(1771): CodeIgniter\Database\BaseConnection->query('INSERT INTO `te...', Array, false)
#4 C:\laragon\www\edi_pelaminan\app\Controllers\C_front_sewa.php(52): CodeIgniter\Database\BaseBuilder->insert(Array)
#5 C:\laragon\www\edi_pelaminan\system\CodeIgniter.php(825): App\Controllers\C_front_sewa->save_temp_sewa()
#6 C:\laragon\www\edi_pelaminan\system\CodeIgniter.php(412): CodeIgniter\CodeIgniter->runController(Object(App\Controllers\C_front_sewa))
#7 C:\laragon\www\edi_pelaminan\system\CodeIgniter.php(320): CodeIgniter\CodeIgniter->handleRequest(NULL, Object(Config\Cache), false)
#8 C:\laragon\www\edi_pelaminan\index.php(37): CodeIgniter\CodeIgniter->run()
#9 {main}
CRITICAL - 2022-08-17 02:55:23 --> Trying to get property 'stok' of non-object
#0 C:\laragon\www\edi_pelaminan\app\Controllers\C_front_sewa.php(46): CodeIgniter\Debug\Exceptions->errorHandler(8, 'Trying to get p...', 'C:\\laragon\\www\\...', 46, Array)
#1 C:\laragon\www\edi_pelaminan\system\CodeIgniter.php(825): App\Controllers\C_front_sewa->save_temp_sewa()
#2 C:\laragon\www\edi_pelaminan\system\CodeIgniter.php(412): CodeIgniter\CodeIgniter->runController(Object(App\Controllers\C_front_sewa))
#3 C:\laragon\www\edi_pelaminan\system\CodeIgniter.php(320): CodeIgniter\CodeIgniter->handleRequest(NULL, Object(Config\Cache), false)
#4 C:\laragon\www\edi_pelaminan\index.php(37): CodeIgniter\CodeIgniter->run()
#5 {main}
ERROR - 2022-08-17 02:58:30 --> Unknown column 'stok' in 'field list'
CRITICAL - 2022-08-17 02:58:30 --> Unknown column 'stok' in 'field list'
#0 C:\laragon\www\edi_pelaminan\system\Database\MySQLi\Connection.php(292): mysqli->query('INSERT INTO `te...', 0)
#1 C:\laragon\www\edi_pelaminan\system\Database\BaseConnection.php(670): CodeIgniter\Database\MySQLi\Connection->execute('INSERT INTO `te...')
#2 C:\laragon\www\edi_pelaminan\system\Database\BaseConnection.php(598): CodeIgniter\Database\BaseConnection->simpleQuery('INSERT INTO `te...')
#3 C:\laragon\www\edi_pelaminan\system\Database\BaseBuilder.php(1771): CodeIgniter\Database\BaseConnection->query('INSERT INTO `te...', Array, false)
#4 C:\laragon\www\edi_pelaminan\app\Controllers\C_front_sewa.php(52): CodeIgniter\Database\BaseBuilder->insert(Array)
#5 C:\laragon\www\edi_pelaminan\system\CodeIgniter.php(825): App\Controllers\C_front_sewa->save_temp_sewa()
#6 C:\laragon\www\edi_pelaminan\system\CodeIgniter.php(412): CodeIgniter\CodeIgniter->runController(Object(App\Controllers\C_front_sewa))
#7 C:\laragon\www\edi_pelaminan\system\CodeIgniter.php(320): CodeIgniter\CodeIgniter->handleRequest(NULL, Object(Config\Cache), false)
#8 C:\laragon\www\edi_pelaminan\index.php(37): CodeIgniter\CodeIgniter->run()
#9 {main}
CRITICAL - 2022-08-17 03:06:10 --> Trying to get property 'stok' of non-object
#0 C:\laragon\www\edi_pelaminan\app\Controllers\C_front_sewa.php(47): CodeIgniter\Debug\Exceptions->errorHandler(8, 'Trying to get p...', 'C:\\laragon\\www\\...', 47, Array)
#1 C:\laragon\www\edi_pelaminan\system\CodeIgniter.php(825): App\Controllers\C_front_sewa->save_temp_sewa()
#2 C:\laragon\www\edi_pelaminan\system\CodeIgniter.php(412): CodeIgniter\CodeIgniter->runController(Object(App\Controllers\C_front_sewa))
#3 C:\laragon\www\edi_pelaminan\system\CodeIgniter.php(320): CodeIgniter\CodeIgniter->handleRequest(NULL, Object(Config\Cache), false)
#4 C:\laragon\www\edi_pelaminan\index.php(37): CodeIgniter\CodeIgniter->run()
#5 {main}
ERROR - 2022-08-17 03:06:19 --> Unknown column 'stok' in 'field list'
CRITICAL - 2022-08-17 03:06:19 --> Unknown column 'stok' in 'field list'
#0 C:\laragon\www\edi_pelaminan\system\Database\MySQLi\Connection.php(292): mysqli->query('INSERT INTO `te...', 0)
#1 C:\laragon\www\edi_pelaminan\system\Database\BaseConnection.php(670): CodeIgniter\Database\MySQLi\Connection->execute('INSERT INTO `te...')
#2 C:\laragon\www\edi_pelaminan\system\Database\BaseConnection.php(598): CodeIgniter\Database\BaseConnection->simpleQuery('INSERT INTO `te...')
#3 C:\laragon\www\edi_pelaminan\system\Database\BaseBuilder.php(1771): CodeIgniter\Database\BaseConnection->query('INSERT INTO `te...', Array, false)
#4 C:\laragon\www\edi_pelaminan\app\Controllers\C_front_sewa.php(53): CodeIgniter\Database\BaseBuilder->insert(Array)
#5 C:\laragon\www\edi_pelaminan\system\CodeIgniter.php(825): App\Controllers\C_front_sewa->save_temp_sewa()
#6 C:\laragon\www\edi_pelaminan\system\CodeIgniter.php(412): CodeIgniter\CodeIgniter->runController(Object(App\Controllers\C_front_sewa))
#7 C:\laragon\www\edi_pelaminan\system\CodeIgniter.php(320): CodeIgniter\CodeIgniter->handleRequest(NULL, Object(Config\Cache), false)
#8 C:\laragon\www\edi_pelaminan\index.php(37): CodeIgniter\CodeIgniter->run()
#9 {main}
CRITICAL - 2022-08-17 03:06:44 --> Trying to get property 'stok' of non-object
#0 C:\laragon\www\edi_pelaminan\app\Controllers\C_front_sewa.php(47): CodeIgniter\Debug\Exceptions->errorHandler(8, 'Trying to get p...', 'C:\\laragon\\www\\...', 47, Array)
#1 C:\laragon\www\edi_pelaminan\system\CodeIgniter.php(825): App\Controllers\C_front_sewa->save_temp_sewa()
#2 C:\laragon\www\edi_pelaminan\system\CodeIgniter.php(412): CodeIgniter\CodeIgniter->runController(Object(App\Controllers\C_front_sewa))
#3 C:\laragon\www\edi_pelaminan\system\CodeIgniter.php(320): CodeIgniter\CodeIgniter->handleRequest(NULL, Object(Config\Cache), false)
#4 C:\laragon\www\edi_pelaminan\index.php(37): CodeIgniter\CodeIgniter->run()
#5 {main}
