CRITICAL - 2022-02-01 00:17:28 --> Array to string conversion
#0 C:\laragon\www\edi_pelaminan\app\Controllers\C_user.php(14): CodeIgniter\Debug\Exceptions->errorHandler(8, 'Array to string...', 'C:\\laragon\\www\\...', 14, Array)
#1 C:\laragon\www\edi_pelaminan\system\CodeIgniter.php(825): App\Controllers\C_user->index()
#2 C:\laragon\www\edi_pelaminan\system\CodeIgniter.php(412): CodeIgniter\CodeIgniter->runController(Object(App\Controllers\C_user))
#3 C:\laragon\www\edi_pelaminan\system\CodeIgniter.php(320): CodeIgniter\CodeIgniter->handleRequest(NULL, Object(Config\Cache), false)
#4 C:\laragon\www\edi_pelaminan\index.php(37): CodeIgniter\CodeIgniter->run()
#5 {main}
CRITICAL - 2022-02-01 00:18:14 --> Array to string conversion
#0 C:\laragon\www\edi_pelaminan\app\Controllers\C_user.php(15): CodeIgniter\Debug\Exceptions->errorHandler(8, 'Array to string...', 'C:\\laragon\\www\\...', 15, Array)
#1 C:\laragon\www\edi_pelaminan\system\CodeIgniter.php(825): App\Controllers\C_user->index()
#2 C:\laragon\www\edi_pelaminan\system\CodeIgniter.php(412): CodeIgniter\CodeIgniter->runController(Object(App\Controllers\C_user))
#3 C:\laragon\www\edi_pelaminan\system\CodeIgniter.php(320): CodeIgniter\CodeIgniter->handleRequest(NULL, Object(Config\Cache), false)
#4 C:\laragon\www\edi_pelaminan\index.php(37): CodeIgniter\CodeIgniter->run()
#5 {main}
CRITICAL - 2022-02-01 00:19:15 --> Array to string conversion
#0 C:\laragon\www\edi_pelaminan\app\Controllers\C_user.php(15): CodeIgniter\Debug\Exceptions->errorHandler(8, 'Array to string...', 'C:\\laragon\\www\\...', 15, Array)
#1 C:\laragon\www\edi_pelaminan\system\CodeIgniter.php(825): App\Controllers\C_user->index()
#2 C:\laragon\www\edi_pelaminan\system\CodeIgniter.php(412): CodeIgniter\CodeIgniter->runController(Object(App\Controllers\C_user))
#3 C:\laragon\www\edi_pelaminan\system\CodeIgniter.php(320): CodeIgniter\CodeIgniter->handleRequest(NULL, Object(Config\Cache), false)
#4 C:\laragon\www\edi_pelaminan\index.php(37): CodeIgniter\CodeIgniter->run()
#5 {main}
CRITICAL - 2022-02-01 00:19:58 --> Object of class CodeIgniter\Database\MySQLi\Result could not be converted to string
#0 C:\laragon\www\edi_pelaminan\system\CodeIgniter.php(825): App\Controllers\C_user->index()
#1 C:\laragon\www\edi_pelaminan\system\CodeIgniter.php(412): CodeIgniter\CodeIgniter->runController(Object(App\Controllers\C_user))
#2 C:\laragon\www\edi_pelaminan\system\CodeIgniter.php(320): CodeIgniter\CodeIgniter->handleRequest(NULL, Object(Config\Cache), false)
#3 C:\laragon\www\edi_pelaminan\index.php(37): CodeIgniter\CodeIgniter->run()
#4 {main}
CRITICAL - 2022-02-01 00:20:21 --> Array to string conversion
#0 C:\laragon\www\edi_pelaminan\app\Controllers\C_user.php(15): CodeIgniter\Debug\Exceptions->errorHandler(8, 'Array to string...', 'C:\\laragon\\www\\...', 15, Array)
#1 C:\laragon\www\edi_pelaminan\system\CodeIgniter.php(825): App\Controllers\C_user->index()
#2 C:\laragon\www\edi_pelaminan\system\CodeIgniter.php(412): CodeIgniter\CodeIgniter->runController(Object(App\Controllers\C_user))
#3 C:\laragon\www\edi_pelaminan\system\CodeIgniter.php(320): CodeIgniter\CodeIgniter->handleRequest(NULL, Object(Config\Cache), false)
#4 C:\laragon\www\edi_pelaminan\index.php(37): CodeIgniter\CodeIgniter->run()
#5 {main}
CRITICAL - 2022-02-01 00:20:33 --> Trying to get property 'level' of non-object
#0 C:\laragon\www\edi_pelaminan\app\Controllers\C_user.php(15): CodeIgniter\Debug\Exceptions->errorHandler(8, 'Trying to get p...', 'C:\\laragon\\www\\...', 15, Array)
#1 C:\laragon\www\edi_pelaminan\system\CodeIgniter.php(825): App\Controllers\C_user->index()
#2 C:\laragon\www\edi_pelaminan\system\CodeIgniter.php(412): CodeIgniter\CodeIgniter->runController(Object(App\Controllers\C_user))
#3 C:\laragon\www\edi_pelaminan\system\CodeIgniter.php(320): CodeIgniter\CodeIgniter->handleRequest(NULL, Object(Config\Cache), false)
#4 C:\laragon\www\edi_pelaminan\index.php(37): CodeIgniter\CodeIgniter->run()
#5 {main}
CRITICAL - 2022-02-01 00:20:51 --> syntax error, unexpected ';'
#0 C:\laragon\www\edi_pelaminan\system\Router\Router.php(175): CodeIgniter\Router\Router->autoRoute('/C_user')
#1 C:\laragon\www\edi_pelaminan\system\CodeIgniter.php(719): CodeIgniter\Router\Router->handle('/C_user')
#2 C:\laragon\www\edi_pelaminan\system\CodeIgniter.php(361): CodeIgniter\CodeIgniter->tryToRouteIt(Object(CodeIgniter\Router\RouteCollection))
#3 C:\laragon\www\edi_pelaminan\system\CodeIgniter.php(320): CodeIgniter\CodeIgniter->handleRequest(NULL, Object(Config\Cache), false)
#4 C:\laragon\www\edi_pelaminan\index.php(37): CodeIgniter\CodeIgniter->run()
#5 {main}
CRITICAL - 2022-02-01 00:20:56 --> Array to string conversion
#0 C:\laragon\www\edi_pelaminan\app\Controllers\C_user.php(15): CodeIgniter\Debug\Exceptions->errorHandler(8, 'Array to string...', 'C:\\laragon\\www\\...', 15, Array)
#1 C:\laragon\www\edi_pelaminan\system\CodeIgniter.php(825): App\Controllers\C_user->index()
#2 C:\laragon\www\edi_pelaminan\system\CodeIgniter.php(412): CodeIgniter\CodeIgniter->runController(Object(App\Controllers\C_user))
#3 C:\laragon\www\edi_pelaminan\system\CodeIgniter.php(320): CodeIgniter\CodeIgniter->handleRequest(NULL, Object(Config\Cache), false)
#4 C:\laragon\www\edi_pelaminan\index.php(37): CodeIgniter\CodeIgniter->run()
#5 {main}
CRITICAL - 2022-02-01 00:20:58 --> Array to string conversion
#0 C:\laragon\www\edi_pelaminan\app\Controllers\C_user.php(15): CodeIgniter\Debug\Exceptions->errorHandler(8, 'Array to string...', 'C:\\laragon\\www\\...', 15, Array)
#1 C:\laragon\www\edi_pelaminan\system\CodeIgniter.php(825): App\Controllers\C_user->index()
#2 C:\laragon\www\edi_pelaminan\system\CodeIgniter.php(412): CodeIgniter\CodeIgniter->runController(Object(App\Controllers\C_user))
#3 C:\laragon\www\edi_pelaminan\system\CodeIgniter.php(320): CodeIgniter\CodeIgniter->handleRequest(NULL, Object(Config\Cache), false)
#4 C:\laragon\www\edi_pelaminan\index.php(37): CodeIgniter\CodeIgniter->run()
#5 {main}
CRITICAL - 2022-02-01 00:20:58 --> Array to string conversion
#0 C:\laragon\www\edi_pelaminan\app\Controllers\C_user.php(15): CodeIgniter\Debug\Exceptions->errorHandler(8, 'Array to string...', 'C:\\laragon\\www\\...', 15, Array)
#1 C:\laragon\www\edi_pelaminan\system\CodeIgniter.php(825): App\Controllers\C_user->index()
#2 C:\laragon\www\edi_pelaminan\system\CodeIgniter.php(412): CodeIgniter\CodeIgniter->runController(Object(App\Controllers\C_user))
#3 C:\laragon\www\edi_pelaminan\system\CodeIgniter.php(320): CodeIgniter\CodeIgniter->handleRequest(NULL, Object(Config\Cache), false)
#4 C:\laragon\www\edi_pelaminan\index.php(37): CodeIgniter\CodeIgniter->run()
#5 {main}
CRITICAL - 2022-02-01 00:20:59 --> Array to string conversion
#0 C:\laragon\www\edi_pelaminan\app\Controllers\C_user.php(15): CodeIgniter\Debug\Exceptions->errorHandler(8, 'Array to string...', 'C:\\laragon\\www\\...', 15, Array)
#1 C:\laragon\www\edi_pelaminan\system\CodeIgniter.php(825): App\Controllers\C_user->index()
#2 C:\laragon\www\edi_pelaminan\system\CodeIgniter.php(412): CodeIgniter\CodeIgniter->runController(Object(App\Controllers\C_user))
#3 C:\laragon\www\edi_pelaminan\system\CodeIgniter.php(320): CodeIgniter\CodeIgniter->handleRequest(NULL, Object(Config\Cache), false)
#4 C:\laragon\www\edi_pelaminan\index.php(37): CodeIgniter\CodeIgniter->run()
#5 {main}
CRITICAL - 2022-02-01 00:21:00 --> Array to string conversion
#0 C:\laragon\www\edi_pelaminan\app\Controllers\C_user.php(15): CodeIgniter\Debug\Exceptions->errorHandler(8, 'Array to string...', 'C:\\laragon\\www\\...', 15, Array)
#1 C:\laragon\www\edi_pelaminan\system\CodeIgniter.php(825): App\Controllers\C_user->index()
#2 C:\laragon\www\edi_pelaminan\system\CodeIgniter.php(412): CodeIgniter\CodeIgniter->runController(Object(App\Controllers\C_user))
#3 C:\laragon\www\edi_pelaminan\system\CodeIgniter.php(320): CodeIgniter\CodeIgniter->handleRequest(NULL, Object(Config\Cache), false)
#4 C:\laragon\www\edi_pelaminan\index.php(37): CodeIgniter\CodeIgniter->run()
#5 {main}
CRITICAL - 2022-02-01 00:21:16 --> Array to string conversion
#0 C:\laragon\www\edi_pelaminan\app\Controllers\C_user.php(15): CodeIgniter\Debug\Exceptions->errorHandler(8, 'Array to string...', 'C:\\laragon\\www\\...', 15, Array)
#1 C:\laragon\www\edi_pelaminan\system\CodeIgniter.php(825): App\Controllers\C_user->index()
#2 C:\laragon\www\edi_pelaminan\system\CodeIgniter.php(412): CodeIgniter\CodeIgniter->runController(Object(App\Controllers\C_user))
#3 C:\laragon\www\edi_pelaminan\system\CodeIgniter.php(320): CodeIgniter\CodeIgniter->handleRequest(NULL, Object(Config\Cache), false)
#4 C:\laragon\www\edi_pelaminan\index.php(37): CodeIgniter\CodeIgniter->run()
#5 {main}
CRITICAL - 2022-02-01 00:21:32 --> Object of class CodeIgniter\Database\MySQLi\Result could not be converted to string
#0 C:\laragon\www\edi_pelaminan\system\CodeIgniter.php(825): App\Controllers\C_user->index()
#1 C:\laragon\www\edi_pelaminan\system\CodeIgniter.php(412): CodeIgniter\CodeIgniter->runController(Object(App\Controllers\C_user))
#2 C:\laragon\www\edi_pelaminan\system\CodeIgniter.php(320): CodeIgniter\CodeIgniter->handleRequest(NULL, Object(Config\Cache), false)
#3 C:\laragon\www\edi_pelaminan\index.php(37): CodeIgniter\CodeIgniter->run()
#4 {main}
CRITICAL - 2022-02-01 00:21:44 --> Call to undefined method CodeIgniter\Database\MySQLi\Result::get()
#0 C:\laragon\www\edi_pelaminan\system\CodeIgniter.php(825): App\Controllers\C_user->index()
#1 C:\laragon\www\edi_pelaminan\system\CodeIgniter.php(412): CodeIgniter\CodeIgniter->runController(Object(App\Controllers\C_user))
#2 C:\laragon\www\edi_pelaminan\system\CodeIgniter.php(320): CodeIgniter\CodeIgniter->handleRequest(NULL, Object(Config\Cache), false)
#3 C:\laragon\www\edi_pelaminan\index.php(37): CodeIgniter\CodeIgniter->run()
#4 {main}
CRITICAL - 2022-02-01 00:21:56 --> Array to string conversion
#0 C:\laragon\www\edi_pelaminan\app\Controllers\C_user.php(15): CodeIgniter\Debug\Exceptions->errorHandler(8, 'Array to string...', 'C:\\laragon\\www\\...', 15, Array)
#1 C:\laragon\www\edi_pelaminan\system\CodeIgniter.php(825): App\Controllers\C_user->index()
#2 C:\laragon\www\edi_pelaminan\system\CodeIgniter.php(412): CodeIgniter\CodeIgniter->runController(Object(App\Controllers\C_user))
#3 C:\laragon\www\edi_pelaminan\system\CodeIgniter.php(320): CodeIgniter\CodeIgniter->handleRequest(NULL, Object(Config\Cache), false)
#4 C:\laragon\www\edi_pelaminan\index.php(37): CodeIgniter\CodeIgniter->run()
#5 {main}
CRITICAL - 2022-02-01 02:36:02 --> Undefined variable: data_level
#0 C:\laragon\www\edi_pelaminan\app\Views\master\V_perlengkapan_pesta.php(151): CodeIgniter\Debug\Exceptions->errorHandler(8, 'Undefined varia...', 'C:\\laragon\\www\\...', 151, Array)
#1 C:\laragon\www\edi_pelaminan\system\View\View.php(210): include('C:\\laragon\\www\\...')
#2 C:\laragon\www\edi_pelaminan\system\View\View.php(213): CodeIgniter\View\View->CodeIgniter\View\{closure}()
#3 C:\laragon\www\edi_pelaminan\system\Common.php(1089): CodeIgniter\View\View->render('master/V_perlen...', Array, true)
#4 C:\laragon\www\edi_pelaminan\app\Controllers\C_perlengkapan_pesta.php(12): view('master/V_perlen...', Array)
#5 C:\laragon\www\edi_pelaminan\system\CodeIgniter.php(825): App\Controllers\C_perlengkapan_pesta->index()
#6 C:\laragon\www\edi_pelaminan\system\CodeIgniter.php(412): CodeIgniter\CodeIgniter->runController(Object(App\Controllers\C_perlengkapan_pesta))
#7 C:\laragon\www\edi_pelaminan\system\CodeIgniter.php(320): CodeIgniter\CodeIgniter->handleRequest(NULL, Object(Config\Cache), false)
#8 C:\laragon\www\edi_pelaminan\index.php(37): CodeIgniter\CodeIgniter->run()
#9 {main}
CRITICAL - 2022-02-01 02:38:46 --> Array to string conversion
#0 C:\laragon\www\edi_pelaminan\app\Views\template\V_header.php(78): CodeIgniter\Debug\Exceptions->errorHandler(8, 'Array to string...', 'C:\\laragon\\www\\...', 78, Array)
#1 C:\laragon\www\edi_pelaminan\system\View\View.php(210): include('C:\\laragon\\www\\...')
#2 C:\laragon\www\edi_pelaminan\system\View\View.php(213): CodeIgniter\View\View->CodeIgniter\View\{closure}()
#3 C:\laragon\www\edi_pelaminan\system\View\View.php(226): CodeIgniter\View\View->render('template/V_head...', Array, true)
#4 C:\laragon\www\edi_pelaminan\system\Common.php(1089): CodeIgniter\View\View->render('master/V_perlen...', Array, true)
#5 C:\laragon\www\edi_pelaminan\app\Controllers\C_perlengkapan_pesta.php(12): view('master/V_perlen...', Array)
#6 C:\laragon\www\edi_pelaminan\system\CodeIgniter.php(825): App\Controllers\C_perlengkapan_pesta->index()
#7 C:\laragon\www\edi_pelaminan\system\CodeIgniter.php(412): CodeIgniter\CodeIgniter->runController(Object(App\Controllers\C_perlengkapan_pesta))
#8 C:\laragon\www\edi_pelaminan\system\CodeIgniter.php(320): CodeIgniter\CodeIgniter->handleRequest(NULL, Object(Config\Cache), false)
#9 C:\laragon\www\edi_pelaminan\index.php(37): CodeIgniter\CodeIgniter->run()
#10 {main}
CRITICAL - 2022-02-01 02:51:24 --> Array to string conversion
#0 C:\laragon\www\edi_pelaminan\app\Views\template\V_header.php(78): CodeIgniter\Debug\Exceptions->errorHandler(8, 'Array to string...', 'C:\\laragon\\www\\...', 78, Array)
#1 C:\laragon\www\edi_pelaminan\system\View\View.php(210): include('C:\\laragon\\www\\...')
#2 C:\laragon\www\edi_pelaminan\system\View\View.php(213): CodeIgniter\View\View->CodeIgniter\View\{closure}()
#3 C:\laragon\www\edi_pelaminan\system\View\View.php(226): CodeIgniter\View\View->render('template/V_head...', Array, true)
#4 C:\laragon\www\edi_pelaminan\system\Common.php(1089): CodeIgniter\View\View->render('master/V_perlen...', Array, true)
#5 C:\laragon\www\edi_pelaminan\app\Controllers\C_perlengkapan_pesta.php(12): view('master/V_perlen...', Array)
#6 C:\laragon\www\edi_pelaminan\system\CodeIgniter.php(825): App\Controllers\C_perlengkapan_pesta->index()
#7 C:\laragon\www\edi_pelaminan\system\CodeIgniter.php(412): CodeIgniter\CodeIgniter->runController(Object(App\Controllers\C_perlengkapan_pesta))
#8 C:\laragon\www\edi_pelaminan\system\CodeIgniter.php(320): CodeIgniter\CodeIgniter->handleRequest(NULL, Object(Config\Cache), false)
#9 C:\laragon\www\edi_pelaminan\index.php(37): CodeIgniter\CodeIgniter->run()
#10 {main}
CRITICAL - 2022-02-01 02:52:22 --> Undefined variable: data
#0 C:\laragon\www\edi_pelaminan\app\Views\master\V_perlengkapan_pesta.php(30): CodeIgniter\Debug\Exceptions->errorHandler(8, 'Undefined varia...', 'C:\\laragon\\www\\...', 30, Array)
#1 C:\laragon\www\edi_pelaminan\system\View\View.php(210): include('C:\\laragon\\www\\...')
#2 C:\laragon\www\edi_pelaminan\system\View\View.php(213): CodeIgniter\View\View->CodeIgniter\View\{closure}()
#3 C:\laragon\www\edi_pelaminan\system\Common.php(1089): CodeIgniter\View\View->render('master/V_perlen...', Array, true)
#4 C:\laragon\www\edi_pelaminan\app\Controllers\C_perlengkapan_pesta.php(27): view('master/V_perlen...', Array)
#5 C:\laragon\www\edi_pelaminan\system\CodeIgniter.php(825): App\Controllers\C_perlengkapan_pesta->save()
#6 C:\laragon\www\edi_pelaminan\system\CodeIgniter.php(412): CodeIgniter\CodeIgniter->runController(Object(App\Controllers\C_perlengkapan_pesta))
#7 C:\laragon\www\edi_pelaminan\system\CodeIgniter.php(320): CodeIgniter\CodeIgniter->handleRequest(NULL, Object(Config\Cache), false)
#8 C:\laragon\www\edi_pelaminan\index.php(37): CodeIgniter\CodeIgniter->run()
#9 {main}
CRITICAL - 2022-02-01 02:53:15 --> Undefined variable: error
#0 C:\laragon\www\edi_pelaminan\app\Views\master\V_perlengkapan_pesta.php(5): CodeIgniter\Debug\Exceptions->errorHandler(8, 'Undefined varia...', 'C:\\laragon\\www\\...', 5, Array)
#1 C:\laragon\www\edi_pelaminan\system\View\View.php(210): include('C:\\laragon\\www\\...')
#2 C:\laragon\www\edi_pelaminan\system\View\View.php(213): CodeIgniter\View\View->CodeIgniter\View\{closure}()
#3 C:\laragon\www\edi_pelaminan\system\Common.php(1089): CodeIgniter\View\View->render('master/V_perlen...', Array, true)
#4 C:\laragon\www\edi_pelaminan\app\Controllers\C_perlengkapan_pesta.php(27): view('master/V_perlen...', Array)
#5 C:\laragon\www\edi_pelaminan\system\CodeIgniter.php(825): App\Controllers\C_perlengkapan_pesta->save()
#6 C:\laragon\www\edi_pelaminan\system\CodeIgniter.php(412): CodeIgniter\CodeIgniter->runController(Object(App\Controllers\C_perlengkapan_pesta))
#7 C:\laragon\www\edi_pelaminan\system\CodeIgniter.php(320): CodeIgniter\CodeIgniter->handleRequest(NULL, Object(Config\Cache), false)
#8 C:\laragon\www\edi_pelaminan\index.php(37): CodeIgniter\CodeIgniter->run()
#9 {main}
CRITICAL - 2022-02-01 02:53:53 --> Array to string conversion
#0 C:\laragon\www\edi_pelaminan\app\Views\master\V_perlengkapan_pesta.php(5): CodeIgniter\Debug\Exceptions->errorHandler(8, 'Array to string...', 'C:\\laragon\\www\\...', 5, Array)
#1 C:\laragon\www\edi_pelaminan\system\View\View.php(210): include('C:\\laragon\\www\\...')
#2 C:\laragon\www\edi_pelaminan\system\View\View.php(213): CodeIgniter\View\View->CodeIgniter\View\{closure}()
#3 C:\laragon\www\edi_pelaminan\system\Common.php(1089): CodeIgniter\View\View->render('master/V_perlen...', Array, true)
#4 C:\laragon\www\edi_pelaminan\app\Controllers\C_perlengkapan_pesta.php(27): view('master/V_perlen...', Array)
#5 C:\laragon\www\edi_pelaminan\system\CodeIgniter.php(825): App\Controllers\C_perlengkapan_pesta->save()
#6 C:\laragon\www\edi_pelaminan\system\CodeIgniter.php(412): CodeIgniter\CodeIgniter->runController(Object(App\Controllers\C_perlengkapan_pesta))
#7 C:\laragon\www\edi_pelaminan\system\CodeIgniter.php(320): CodeIgniter\CodeIgniter->handleRequest(NULL, Object(Config\Cache), false)
#8 C:\laragon\www\edi_pelaminan\index.php(37): CodeIgniter\CodeIgniter->run()
#9 {main}
CRITICAL - 2022-02-01 02:54:59 --> Undefined variable: data
#0 C:\laragon\www\edi_pelaminan\app\Views\master\V_perlengkapan_pesta.php(32): CodeIgniter\Debug\Exceptions->errorHandler(8, 'Undefined varia...', 'C:\\laragon\\www\\...', 32, Array)
#1 C:\laragon\www\edi_pelaminan\system\View\View.php(210): include('C:\\laragon\\www\\...')
#2 C:\laragon\www\edi_pelaminan\system\View\View.php(213): CodeIgniter\View\View->CodeIgniter\View\{closure}()
#3 C:\laragon\www\edi_pelaminan\system\Common.php(1089): CodeIgniter\View\View->render('master/V_perlen...', Array, true)
#4 C:\laragon\www\edi_pelaminan\app\Controllers\C_perlengkapan_pesta.php(27): view('master/V_perlen...', Array)
#5 C:\laragon\www\edi_pelaminan\system\CodeIgniter.php(825): App\Controllers\C_perlengkapan_pesta->save()
#6 C:\laragon\www\edi_pelaminan\system\CodeIgniter.php(412): CodeIgniter\CodeIgniter->runController(Object(App\Controllers\C_perlengkapan_pesta))
#7 C:\laragon\www\edi_pelaminan\system\CodeIgniter.php(320): CodeIgniter\CodeIgniter->handleRequest(NULL, Object(Config\Cache), false)
#8 C:\laragon\www\edi_pelaminan\index.php(37): CodeIgniter\CodeIgniter->run()
#9 {main}
CRITICAL - 2022-02-01 02:56:31 --> Undefined variable: errors
#0 C:\laragon\www\edi_pelaminan\app\Views\master\V_perlengkapan_pesta.php(5): CodeIgniter\Debug\Exceptions->errorHandler(8, 'Undefined varia...', 'C:\\laragon\\www\\...', 5, Array)
#1 C:\laragon\www\edi_pelaminan\system\View\View.php(210): include('C:\\laragon\\www\\...')
#2 C:\laragon\www\edi_pelaminan\system\View\View.php(213): CodeIgniter\View\View->CodeIgniter\View\{closure}()
#3 C:\laragon\www\edi_pelaminan\system\Common.php(1089): CodeIgniter\View\View->render('master/V_perlen...', Array, true)
#4 C:\laragon\www\edi_pelaminan\app\Controllers\C_perlengkapan_pesta.php(12): view('master/V_perlen...', Array)
#5 C:\laragon\www\edi_pelaminan\system\CodeIgniter.php(825): App\Controllers\C_perlengkapan_pesta->index()
#6 C:\laragon\www\edi_pelaminan\system\CodeIgniter.php(412): CodeIgniter\CodeIgniter->runController(Object(App\Controllers\C_perlengkapan_pesta))
#7 C:\laragon\www\edi_pelaminan\system\CodeIgniter.php(320): CodeIgniter\CodeIgniter->handleRequest(NULL, Object(Config\Cache), false)
#8 C:\laragon\www\edi_pelaminan\index.php(37): CodeIgniter\CodeIgniter->run()
#9 {main}
CRITICAL - 2022-02-01 03:00:55 --> Undefined variable: validation
#0 C:\laragon\www\edi_pelaminan\app\Views\master\V_perlengkapan_pesta.php(6): CodeIgniter\Debug\Exceptions->errorHandler(8, 'Undefined varia...', 'C:\\laragon\\www\\...', 6, Array)
#1 C:\laragon\www\edi_pelaminan\system\View\View.php(210): include('C:\\laragon\\www\\...')
#2 C:\laragon\www\edi_pelaminan\system\View\View.php(213): CodeIgniter\View\View->CodeIgniter\View\{closure}()
#3 C:\laragon\www\edi_pelaminan\system\Common.php(1089): CodeIgniter\View\View->render('master/V_perlen...', Array, true)
#4 C:\laragon\www\edi_pelaminan\app\Controllers\C_perlengkapan_pesta.php(12): view('master/V_perlen...', Array)
#5 C:\laragon\www\edi_pelaminan\system\CodeIgniter.php(825): App\Controllers\C_perlengkapan_pesta->index()
#6 C:\laragon\www\edi_pelaminan\system\CodeIgniter.php(412): CodeIgniter\CodeIgniter->runController(Object(App\Controllers\C_perlengkapan_pesta))
#7 C:\laragon\www\edi_pelaminan\system\CodeIgniter.php(320): CodeIgniter\CodeIgniter->handleRequest(NULL, Object(Config\Cache), false)
#8 C:\laragon\www\edi_pelaminan\index.php(37): CodeIgniter\CodeIgniter->run()
#9 {main}
CRITICAL - 2022-02-01 03:01:39 --> Call to a member function getErrors() on null
#0 C:\laragon\www\edi_pelaminan\system\View\View.php(210): include()
#1 C:\laragon\www\edi_pelaminan\system\View\View.php(213): CodeIgniter\View\View->CodeIgniter\View\{closure}()
#2 C:\laragon\www\edi_pelaminan\system\Common.php(1089): CodeIgniter\View\View->render('master/V_perlen...', Array, true)
#3 C:\laragon\www\edi_pelaminan\app\Controllers\C_perlengkapan_pesta.php(13): view('master/V_perlen...', Array)
#4 C:\laragon\www\edi_pelaminan\system\CodeIgniter.php(825): App\Controllers\C_perlengkapan_pesta->index()
#5 C:\laragon\www\edi_pelaminan\system\CodeIgniter.php(412): CodeIgniter\CodeIgniter->runController(Object(App\Controllers\C_perlengkapan_pesta))
#6 C:\laragon\www\edi_pelaminan\system\CodeIgniter.php(320): CodeIgniter\CodeIgniter->handleRequest(NULL, Object(Config\Cache), false)
#7 C:\laragon\www\edi_pelaminan\index.php(37): CodeIgniter\CodeIgniter->run()
#8 {main}
CRITICAL - 2022-02-01 04:36:02 --> unlink(../file/gambar_peralatan/1643711295_272ac08f140182c37078.jpg): No such file or directory
#0 [internal function]: CodeIgniter\Debug\Exceptions->errorHandler(2, 'unlink(../file/...', 'C:\\laragon\\www\\...', 71, Array)
#1 C:\laragon\www\edi_pelaminan\app\Controllers\C_perlengkapan_pesta.php(71): unlink('../file/gambar_...')
#2 C:\laragon\www\edi_pelaminan\system\CodeIgniter.php(825): App\Controllers\C_perlengkapan_pesta->edit()
#3 C:\laragon\www\edi_pelaminan\system\CodeIgniter.php(412): CodeIgniter\CodeIgniter->runController(Object(App\Controllers\C_perlengkapan_pesta))
#4 C:\laragon\www\edi_pelaminan\system\CodeIgniter.php(320): CodeIgniter\CodeIgniter->handleRequest(NULL, Object(Config\Cache), false)
#5 C:\laragon\www\edi_pelaminan\index.php(37): CodeIgniter\CodeIgniter->run()
#6 {main}
CRITICAL - 2022-02-01 04:36:15 --> unlink(../file/gambar_peralatan/1643711295_272ac08f140182c37078.jpg): No such file or directory
#0 [internal function]: CodeIgniter\Debug\Exceptions->errorHandler(2, 'unlink(../file/...', 'C:\\laragon\\www\\...', 71, Array)
#1 C:\laragon\www\edi_pelaminan\app\Controllers\C_perlengkapan_pesta.php(71): unlink('../file/gambar_...')
#2 C:\laragon\www\edi_pelaminan\system\CodeIgniter.php(825): App\Controllers\C_perlengkapan_pesta->edit()
#3 C:\laragon\www\edi_pelaminan\system\CodeIgniter.php(412): CodeIgniter\CodeIgniter->runController(Object(App\Controllers\C_perlengkapan_pesta))
#4 C:\laragon\www\edi_pelaminan\system\CodeIgniter.php(320): CodeIgniter\CodeIgniter->handleRequest(NULL, Object(Config\Cache), false)
#5 C:\laragon\www\edi_pelaminan\index.php(37): CodeIgniter\CodeIgniter->run()
#6 {main}
CRITICAL - 2022-02-01 04:37:20 --> unlink(./file/gambar_peralatan/1643711810_31ece4c65fc78d383249.jpg): No such file or directory
#0 [internal function]: CodeIgniter\Debug\Exceptions->errorHandler(2, 'unlink(./file/g...', 'C:\\laragon\\www\\...', 71, Array)
#1 C:\laragon\www\edi_pelaminan\app\Controllers\C_perlengkapan_pesta.php(71): unlink('./file/gambar_p...')
#2 C:\laragon\www\edi_pelaminan\system\CodeIgniter.php(825): App\Controllers\C_perlengkapan_pesta->edit()
#3 C:\laragon\www\edi_pelaminan\system\CodeIgniter.php(412): CodeIgniter\CodeIgniter->runController(Object(App\Controllers\C_perlengkapan_pesta))
#4 C:\laragon\www\edi_pelaminan\system\CodeIgniter.php(320): CodeIgniter\CodeIgniter->handleRequest(NULL, Object(Config\Cache), false)
#5 C:\laragon\www\edi_pelaminan\index.php(37): CodeIgniter\CodeIgniter->run()
#6 {main}
CRITICAL - 2022-02-01 05:29:51 --> Undefined variable: validation
#0 C:\laragon\www\edi_pelaminan\app\Views\master\V_penyewa.php(6): CodeIgniter\Debug\Exceptions->errorHandler(8, 'Undefined varia...', 'C:\\laragon\\www\\...', 6, Array)
#1 C:\laragon\www\edi_pelaminan\system\View\View.php(210): include('C:\\laragon\\www\\...')
#2 C:\laragon\www\edi_pelaminan\system\View\View.php(213): CodeIgniter\View\View->CodeIgniter\View\{closure}()
#3 C:\laragon\www\edi_pelaminan\system\Common.php(1089): CodeIgniter\View\View->render('master/V_penyew...', Array, true)
#4 C:\laragon\www\edi_pelaminan\app\Controllers\C_penyewa.php(12): view('master/V_penyew...', Array)
#5 C:\laragon\www\edi_pelaminan\system\CodeIgniter.php(825): App\Controllers\C_penyewa->index()
#6 C:\laragon\www\edi_pelaminan\system\CodeIgniter.php(412): CodeIgniter\CodeIgniter->runController(Object(App\Controllers\C_penyewa))
#7 C:\laragon\www\edi_pelaminan\system\CodeIgniter.php(320): CodeIgniter\CodeIgniter->handleRequest(NULL, Object(Config\Cache), false)
#8 C:\laragon\www\edi_pelaminan\index.php(37): CodeIgniter\CodeIgniter->run()
#9 {main}
