CRITICAL - 2022-02-05 02:37:37 --> Undefined variable: level
#0 C:\laragon\www\edi_pelaminan\app\Views\template\V_menu.php(25): CodeIgniter\Debug\Exceptions->errorHandler(8, 'Undefined varia...', 'C:\\laragon\\www\\...', 25, Array)
#1 C:\laragon\www\edi_pelaminan\system\View\View.php(210): include('C:\\laragon\\www\\...')
#2 C:\laragon\www\edi_pelaminan\system\View\View.php(213): CodeIgniter\View\View->CodeIgniter\View\{closure}()
#3 C:\laragon\www\edi_pelaminan\system\View\View.php(424): CodeIgniter\View\View->render('template/V_menu', NULL, true)
#4 C:\laragon\www\edi_pelaminan\app\Views\template\V_header.php(60): CodeIgniter\View\View->include('template/V_menu')
#5 C:\laragon\www\edi_pelaminan\system\View\View.php(210): include('C:\\laragon\\www\\...')
#6 C:\laragon\www\edi_pelaminan\system\View\View.php(213): CodeIgniter\View\View->CodeIgniter\View\{closure}()
#7 C:\laragon\www\edi_pelaminan\system\View\View.php(226): CodeIgniter\View\View->render('template/V_head...', Array, true)
#8 C:\laragon\www\edi_pelaminan\system\Common.php(1089): CodeIgniter\View\View->render('V_home_admin', Array, true)
#9 C:\laragon\www\edi_pelaminan\app\Controllers\C_home.php(20): view('V_home_admin', Array)
#10 C:\laragon\www\edi_pelaminan\system\CodeIgniter.php(825): App\Controllers\C_home->index()
#11 C:\laragon\www\edi_pelaminan\system\CodeIgniter.php(412): CodeIgniter\CodeIgniter->runController(Object(App\Controllers\C_home))
#12 C:\laragon\www\edi_pelaminan\system\CodeIgniter.php(320): CodeIgniter\CodeIgniter->handleRequest(NULL, Object(Config\Cache), false)
#13 C:\laragon\www\edi_pelaminan\index.php(37): CodeIgniter\CodeIgniter->run()
#14 {main}
CRITICAL - 2022-02-05 02:38:55 --> Undefined variable: level
#0 C:\laragon\www\edi_pelaminan\app\Views\template\V_menu.php(25): CodeIgniter\Debug\Exceptions->errorHandler(8, 'Undefined varia...', 'C:\\laragon\\www\\...', 25, Array)
#1 C:\laragon\www\edi_pelaminan\system\View\View.php(210): include('C:\\laragon\\www\\...')
#2 C:\laragon\www\edi_pelaminan\system\View\View.php(213): CodeIgniter\View\View->CodeIgniter\View\{closure}()
#3 C:\laragon\www\edi_pelaminan\system\View\View.php(424): CodeIgniter\View\View->render('template/V_menu', NULL, true)
#4 C:\laragon\www\edi_pelaminan\app\Views\template\V_header.php(60): CodeIgniter\View\View->include('template/V_menu')
#5 C:\laragon\www\edi_pelaminan\system\View\View.php(210): include('C:\\laragon\\www\\...')
#6 C:\laragon\www\edi_pelaminan\system\View\View.php(213): CodeIgniter\View\View->CodeIgniter\View\{closure}()
#7 C:\laragon\www\edi_pelaminan\system\View\View.php(226): CodeIgniter\View\View->render('template/V_head...', Array, true)
#8 C:\laragon\www\edi_pelaminan\system\Common.php(1089): CodeIgniter\View\View->render('V_home_admin', Array, true)
#9 C:\laragon\www\edi_pelaminan\app\Controllers\C_home.php(20): view('V_home_admin', Array)
#10 C:\laragon\www\edi_pelaminan\system\CodeIgniter.php(825): App\Controllers\C_home->index()
#11 C:\laragon\www\edi_pelaminan\system\CodeIgniter.php(412): CodeIgniter\CodeIgniter->runController(Object(App\Controllers\C_home))
#12 C:\laragon\www\edi_pelaminan\system\CodeIgniter.php(320): CodeIgniter\CodeIgniter->handleRequest(NULL, Object(Config\Cache), false)
#13 C:\laragon\www\edi_pelaminan\index.php(37): CodeIgniter\CodeIgniter->run()
#14 {main}
CRITICAL - 2022-02-05 02:39:16 --> Undefined variable: level
#0 C:\laragon\www\edi_pelaminan\app\Views\template\V_menu.php(25): CodeIgniter\Debug\Exceptions->errorHandler(8, 'Undefined varia...', 'C:\\laragon\\www\\...', 25, Array)
#1 C:\laragon\www\edi_pelaminan\system\View\View.php(210): include('C:\\laragon\\www\\...')
#2 C:\laragon\www\edi_pelaminan\system\View\View.php(213): CodeIgniter\View\View->CodeIgniter\View\{closure}()
#3 C:\laragon\www\edi_pelaminan\system\View\View.php(424): CodeIgniter\View\View->render('template/V_menu', NULL, true)
#4 C:\laragon\www\edi_pelaminan\app\Views\template\V_header.php(60): CodeIgniter\View\View->include('template/V_menu')
#5 C:\laragon\www\edi_pelaminan\system\View\View.php(210): include('C:\\laragon\\www\\...')
#6 C:\laragon\www\edi_pelaminan\system\View\View.php(213): CodeIgniter\View\View->CodeIgniter\View\{closure}()
#7 C:\laragon\www\edi_pelaminan\system\View\View.php(226): CodeIgniter\View\View->render('template/V_head...', Array, true)
#8 C:\laragon\www\edi_pelaminan\system\Common.php(1089): CodeIgniter\View\View->render('V_home_admin', Array, true)
#9 C:\laragon\www\edi_pelaminan\app\Controllers\C_home.php(20): view('V_home_admin', Array)
#10 C:\laragon\www\edi_pelaminan\system\CodeIgniter.php(825): App\Controllers\C_home->index()
#11 C:\laragon\www\edi_pelaminan\system\CodeIgniter.php(412): CodeIgniter\CodeIgniter->runController(Object(App\Controllers\C_home))
#12 C:\laragon\www\edi_pelaminan\system\CodeIgniter.php(320): CodeIgniter\CodeIgniter->handleRequest(NULL, Object(Config\Cache), false)
#13 C:\laragon\www\edi_pelaminan\index.php(37): CodeIgniter\CodeIgniter->run()
#14 {main}
CRITICAL - 2022-02-05 02:39:19 --> Undefined variable: level
#0 C:\laragon\www\edi_pelaminan\app\Views\template\V_menu.php(25): CodeIgniter\Debug\Exceptions->errorHandler(8, 'Undefined varia...', 'C:\\laragon\\www\\...', 25, Array)
#1 C:\laragon\www\edi_pelaminan\system\View\View.php(210): include('C:\\laragon\\www\\...')
#2 C:\laragon\www\edi_pelaminan\system\View\View.php(213): CodeIgniter\View\View->CodeIgniter\View\{closure}()
#3 C:\laragon\www\edi_pelaminan\system\View\View.php(424): CodeIgniter\View\View->render('template/V_menu', NULL, true)
#4 C:\laragon\www\edi_pelaminan\app\Views\template\V_header.php(60): CodeIgniter\View\View->include('template/V_menu')
#5 C:\laragon\www\edi_pelaminan\system\View\View.php(210): include('C:\\laragon\\www\\...')
#6 C:\laragon\www\edi_pelaminan\system\View\View.php(213): CodeIgniter\View\View->CodeIgniter\View\{closure}()
#7 C:\laragon\www\edi_pelaminan\system\View\View.php(226): CodeIgniter\View\View->render('template/V_head...', Array, true)
#8 C:\laragon\www\edi_pelaminan\system\Common.php(1089): CodeIgniter\View\View->render('V_home_admin', Array, true)
#9 C:\laragon\www\edi_pelaminan\app\Controllers\C_home.php(20): view('V_home_admin', Array)
#10 C:\laragon\www\edi_pelaminan\system\CodeIgniter.php(825): App\Controllers\C_home->index()
#11 C:\laragon\www\edi_pelaminan\system\CodeIgniter.php(412): CodeIgniter\CodeIgniter->runController(Object(App\Controllers\C_home))
#12 C:\laragon\www\edi_pelaminan\system\CodeIgniter.php(320): CodeIgniter\CodeIgniter->handleRequest(NULL, Object(Config\Cache), false)
#13 C:\laragon\www\edi_pelaminan\index.php(37): CodeIgniter\CodeIgniter->run()
#14 {main}
CRITICAL - 2022-02-05 02:39:28 --> Undefined variable: level
#0 C:\laragon\www\edi_pelaminan\app\Views\template\V_menu.php(25): CodeIgniter\Debug\Exceptions->errorHandler(8, 'Undefined varia...', 'C:\\laragon\\www\\...', 25, Array)
#1 C:\laragon\www\edi_pelaminan\system\View\View.php(210): include('C:\\laragon\\www\\...')
#2 C:\laragon\www\edi_pelaminan\system\View\View.php(213): CodeIgniter\View\View->CodeIgniter\View\{closure}()
#3 C:\laragon\www\edi_pelaminan\system\View\View.php(424): CodeIgniter\View\View->render('template/V_menu', NULL, true)
#4 C:\laragon\www\edi_pelaminan\app\Views\template\V_header.php(60): CodeIgniter\View\View->include('template/V_menu')
#5 C:\laragon\www\edi_pelaminan\system\View\View.php(210): include('C:\\laragon\\www\\...')
#6 C:\laragon\www\edi_pelaminan\system\View\View.php(213): CodeIgniter\View\View->CodeIgniter\View\{closure}()
#7 C:\laragon\www\edi_pelaminan\system\View\View.php(226): CodeIgniter\View\View->render('template/V_head...', Array, true)
#8 C:\laragon\www\edi_pelaminan\system\Common.php(1089): CodeIgniter\View\View->render('V_home_admin', Array, true)
#9 C:\laragon\www\edi_pelaminan\app\Controllers\C_home.php(20): view('V_home_admin', Array)
#10 C:\laragon\www\edi_pelaminan\system\CodeIgniter.php(825): App\Controllers\C_home->index()
#11 C:\laragon\www\edi_pelaminan\system\CodeIgniter.php(412): CodeIgniter\CodeIgniter->runController(Object(App\Controllers\C_home))
#12 C:\laragon\www\edi_pelaminan\system\CodeIgniter.php(320): CodeIgniter\CodeIgniter->handleRequest(NULL, Object(Config\Cache), false)
#13 C:\laragon\www\edi_pelaminan\index.php(37): CodeIgniter\CodeIgniter->run()
#14 {main}
CRITICAL - 2022-02-05 02:39:29 --> Undefined variable: level
#0 C:\laragon\www\edi_pelaminan\app\Views\template\V_menu.php(25): CodeIgniter\Debug\Exceptions->errorHandler(8, 'Undefined varia...', 'C:\\laragon\\www\\...', 25, Array)
#1 C:\laragon\www\edi_pelaminan\system\View\View.php(210): include('C:\\laragon\\www\\...')
#2 C:\laragon\www\edi_pelaminan\system\View\View.php(213): CodeIgniter\View\View->CodeIgniter\View\{closure}()
#3 C:\laragon\www\edi_pelaminan\system\View\View.php(424): CodeIgniter\View\View->render('template/V_menu', NULL, true)
#4 C:\laragon\www\edi_pelaminan\app\Views\template\V_header.php(60): CodeIgniter\View\View->include('template/V_menu')
#5 C:\laragon\www\edi_pelaminan\system\View\View.php(210): include('C:\\laragon\\www\\...')
#6 C:\laragon\www\edi_pelaminan\system\View\View.php(213): CodeIgniter\View\View->CodeIgniter\View\{closure}()
#7 C:\laragon\www\edi_pelaminan\system\View\View.php(226): CodeIgniter\View\View->render('template/V_head...', Array, true)
#8 C:\laragon\www\edi_pelaminan\system\Common.php(1089): CodeIgniter\View\View->render('V_home_admin', Array, true)
#9 C:\laragon\www\edi_pelaminan\app\Controllers\C_home.php(20): view('V_home_admin', Array)
#10 C:\laragon\www\edi_pelaminan\system\CodeIgniter.php(825): App\Controllers\C_home->index()
#11 C:\laragon\www\edi_pelaminan\system\CodeIgniter.php(412): CodeIgniter\CodeIgniter->runController(Object(App\Controllers\C_home))
#12 C:\laragon\www\edi_pelaminan\system\CodeIgniter.php(320): CodeIgniter\CodeIgniter->handleRequest(NULL, Object(Config\Cache), false)
#13 C:\laragon\www\edi_pelaminan\index.php(37): CodeIgniter\CodeIgniter->run()
#14 {main}
CRITICAL - 2022-02-05 02:39:30 --> Undefined variable: level
#0 C:\laragon\www\edi_pelaminan\app\Views\template\V_menu.php(25): CodeIgniter\Debug\Exceptions->errorHandler(8, 'Undefined varia...', 'C:\\laragon\\www\\...', 25, Array)
#1 C:\laragon\www\edi_pelaminan\system\View\View.php(210): include('C:\\laragon\\www\\...')
#2 C:\laragon\www\edi_pelaminan\system\View\View.php(213): CodeIgniter\View\View->CodeIgniter\View\{closure}()
#3 C:\laragon\www\edi_pelaminan\system\View\View.php(424): CodeIgniter\View\View->render('template/V_menu', NULL, true)
#4 C:\laragon\www\edi_pelaminan\app\Views\template\V_header.php(60): CodeIgniter\View\View->include('template/V_menu')
#5 C:\laragon\www\edi_pelaminan\system\View\View.php(210): include('C:\\laragon\\www\\...')
#6 C:\laragon\www\edi_pelaminan\system\View\View.php(213): CodeIgniter\View\View->CodeIgniter\View\{closure}()
#7 C:\laragon\www\edi_pelaminan\system\View\View.php(226): CodeIgniter\View\View->render('template/V_head...', Array, true)
#8 C:\laragon\www\edi_pelaminan\system\Common.php(1089): CodeIgniter\View\View->render('V_home_admin', Array, true)
#9 C:\laragon\www\edi_pelaminan\app\Controllers\C_home.php(20): view('V_home_admin', Array)
#10 C:\laragon\www\edi_pelaminan\system\CodeIgniter.php(825): App\Controllers\C_home->index()
#11 C:\laragon\www\edi_pelaminan\system\CodeIgniter.php(412): CodeIgniter\CodeIgniter->runController(Object(App\Controllers\C_home))
#12 C:\laragon\www\edi_pelaminan\system\CodeIgniter.php(320): CodeIgniter\CodeIgniter->handleRequest(NULL, Object(Config\Cache), false)
#13 C:\laragon\www\edi_pelaminan\index.php(37): CodeIgniter\CodeIgniter->run()
#14 {main}
CRITICAL - 2022-02-05 02:39:39 --> Cannot call constructor
#0 C:\laragon\www\edi_pelaminan\system\CodeIgniter.php(802): App\Controllers\C_home->__construct()
#1 C:\laragon\www\edi_pelaminan\system\CodeIgniter.php(403): CodeIgniter\CodeIgniter->createController()
#2 C:\laragon\www\edi_pelaminan\system\CodeIgniter.php(320): CodeIgniter\CodeIgniter->handleRequest(NULL, Object(Config\Cache), false)
#3 C:\laragon\www\edi_pelaminan\index.php(37): CodeIgniter\CodeIgniter->run()
#4 {main}
CRITICAL - 2022-02-05 07:06:27 --> Undefined variable: level
#0 C:\laragon\www\edi_pelaminan\app\Views\template\V_menu.php(25): CodeIgniter\Debug\Exceptions->errorHandler(8, 'Undefined varia...', 'C:\\laragon\\www\\...', 25, Array)
#1 C:\laragon\www\edi_pelaminan\system\View\View.php(210): include('C:\\laragon\\www\\...')
#2 C:\laragon\www\edi_pelaminan\system\View\View.php(213): CodeIgniter\View\View->CodeIgniter\View\{closure}()
#3 C:\laragon\www\edi_pelaminan\system\View\View.php(424): CodeIgniter\View\View->render('template/V_menu', NULL, true)
#4 C:\laragon\www\edi_pelaminan\app\Views\template\V_header.php(60): CodeIgniter\View\View->include('template/V_menu')
#5 C:\laragon\www\edi_pelaminan\system\View\View.php(210): include('C:\\laragon\\www\\...')
#6 C:\laragon\www\edi_pelaminan\system\View\View.php(213): CodeIgniter\View\View->CodeIgniter\View\{closure}()
#7 C:\laragon\www\edi_pelaminan\system\View\View.php(226): CodeIgniter\View\View->render('template/V_head...', Array, true)
#8 C:\laragon\www\edi_pelaminan\system\Common.php(1089): CodeIgniter\View\View->render('V_home_admin', Array, true)
#9 C:\laragon\www\edi_pelaminan\app\Controllers\C_home.php(11): view('V_home_admin', Array)
#10 C:\laragon\www\edi_pelaminan\system\CodeIgniter.php(825): App\Controllers\C_home->index()
#11 C:\laragon\www\edi_pelaminan\system\CodeIgniter.php(412): CodeIgniter\CodeIgniter->runController(Object(App\Controllers\C_home))
#12 C:\laragon\www\edi_pelaminan\system\CodeIgniter.php(320): CodeIgniter\CodeIgniter->handleRequest(NULL, Object(Config\Cache), false)
#13 C:\laragon\www\edi_pelaminan\index.php(37): CodeIgniter\CodeIgniter->run()
#14 {main}
CRITICAL - 2022-02-05 10:12:38 --> Undefined variable: level
#0 C:\laragon\www\edi_pelaminan\app\Views\template\V_menu.php(25): CodeIgniter\Debug\Exceptions->errorHandler(8, 'Undefined varia...', 'C:\\laragon\\www\\...', 25, Array)
#1 C:\laragon\www\edi_pelaminan\system\View\View.php(210): include('C:\\laragon\\www\\...')
#2 C:\laragon\www\edi_pelaminan\system\View\View.php(213): CodeIgniter\View\View->CodeIgniter\View\{closure}()
#3 C:\laragon\www\edi_pelaminan\system\View\View.php(424): CodeIgniter\View\View->render('template/V_menu', NULL, true)
#4 C:\laragon\www\edi_pelaminan\app\Views\template\V_header.php(60): CodeIgniter\View\View->include('template/V_menu')
#5 C:\laragon\www\edi_pelaminan\system\View\View.php(210): include('C:\\laragon\\www\\...')
#6 C:\laragon\www\edi_pelaminan\system\View\View.php(213): CodeIgniter\View\View->CodeIgniter\View\{closure}()
#7 C:\laragon\www\edi_pelaminan\system\View\View.php(226): CodeIgniter\View\View->render('template/V_head...', Array, true)
#8 C:\laragon\www\edi_pelaminan\system\Common.php(1089): CodeIgniter\View\View->render('V_home_admin', Array, true)
#9 C:\laragon\www\edi_pelaminan\app\Controllers\C_home.php(11): view('V_home_admin', Array)
#10 C:\laragon\www\edi_pelaminan\system\CodeIgniter.php(825): App\Controllers\C_home->index()
#11 C:\laragon\www\edi_pelaminan\system\CodeIgniter.php(412): CodeIgniter\CodeIgniter->runController(Object(App\Controllers\C_home))
#12 C:\laragon\www\edi_pelaminan\system\CodeIgniter.php(320): CodeIgniter\CodeIgniter->handleRequest(NULL, Object(Config\Cache), false)
#13 C:\laragon\www\edi_pelaminan\index.php(37): CodeIgniter\CodeIgniter->run()
#14 {main}
