CRITICAL - 2022-03-16 07:36:57 --> Undefined variable: level
#0 C:\laragon\www\edi_pelaminan\app\Views\template\V_menu.php(25): CodeIgniter\Debug\Exceptions->errorHandler(8, 'Undefined varia...', 'C:\\laragon\\www\\...', 25, Array)
#1 C:\laragon\www\edi_pelaminan\system\View\View.php(210): include('C:\\laragon\\www\\...')
#2 C:\laragon\www\edi_pelaminan\system\View\View.php(213): CodeIgniter\View\View->CodeIgniter\View\{closure}()
#3 C:\laragon\www\edi_pelaminan\system\View\View.php(424): CodeIgniter\View\View->render('template/V_menu', NULL, true)
#4 C:\laragon\www\edi_pelaminan\app\Views\template\V_header.php(77): CodeIgniter\View\View->include('template/V_menu')
#5 C:\laragon\www\edi_pelaminan\system\View\View.php(210): include('C:\\laragon\\www\\...')
#6 C:\laragon\www\edi_pelaminan\system\View\View.php(213): CodeIgniter\View\View->CodeIgniter\View\{closure}()
#7 C:\laragon\www\edi_pelaminan\system\View\View.php(226): CodeIgniter\View\View->render('template/V_head...', Array, true)
#8 C:\laragon\www\edi_pelaminan\system\Common.php(1089): CodeIgniter\View\View->render('V_home_admin', Array, true)
#9 C:\laragon\www\edi_pelaminan\app\Controllers\C_home.php(11): view('V_home_admin', Array)
#10 C:\laragon\www\edi_pelaminan\system\CodeIgniter.php(825): App\Controllers\C_home->index()
#11 C:\laragon\www\edi_pelaminan\system\CodeIgniter.php(412): CodeIgniter\CodeIgniter->runController(Object(App\Controllers\C_home))
#12 C:\laragon\www\edi_pelaminan\system\CodeIgniter.php(320): CodeIgniter\CodeIgniter->handleRequest(NULL, Object(Config\Cache), false)
#13 C:\laragon\www\edi_pelaminan\index.php(37): CodeIgniter\CodeIgniter->run()
#14 {main}
CRITICAL - 2022-03-16 07:37:07 --> Undefined variable: level
#0 C:\laragon\www\edi_pelaminan\app\Views\template\V_menu.php(25): CodeIgniter\Debug\Exceptions->errorHandler(8, 'Undefined varia...', 'C:\\laragon\\www\\...', 25, Array)
#1 C:\laragon\www\edi_pelaminan\system\View\View.php(210): include('C:\\laragon\\www\\...')
#2 C:\laragon\www\edi_pelaminan\system\View\View.php(213): CodeIgniter\View\View->CodeIgniter\View\{closure}()
#3 C:\laragon\www\edi_pelaminan\system\View\View.php(424): CodeIgniter\View\View->render('template/V_menu', NULL, true)
#4 C:\laragon\www\edi_pelaminan\app\Views\template\V_header.php(77): CodeIgniter\View\View->include('template/V_menu')
#5 C:\laragon\www\edi_pelaminan\system\View\View.php(210): include('C:\\laragon\\www\\...')
#6 C:\laragon\www\edi_pelaminan\system\View\View.php(213): CodeIgniter\View\View->CodeIgniter\View\{closure}()
#7 C:\laragon\www\edi_pelaminan\system\View\View.php(226): CodeIgniter\View\View->render('template/V_head...', Array, true)
#8 C:\laragon\www\edi_pelaminan\system\Common.php(1089): CodeIgniter\View\View->render('master/V_penyew...', Array, true)
#9 C:\laragon\www\edi_pelaminan\app\Controllers\C_penyewa.php(12): view('master/V_penyew...', Array)
#10 C:\laragon\www\edi_pelaminan\system\CodeIgniter.php(825): App\Controllers\C_penyewa->index()
#11 C:\laragon\www\edi_pelaminan\system\CodeIgniter.php(412): CodeIgniter\CodeIgniter->runController(Object(App\Controllers\C_penyewa))
#12 C:\laragon\www\edi_pelaminan\system\CodeIgniter.php(320): CodeIgniter\CodeIgniter->handleRequest(NULL, Object(Config\Cache), false)
#13 C:\laragon\www\edi_pelaminan\index.php(37): CodeIgniter\CodeIgniter->run()
#14 {main}
CRITICAL - 2022-03-16 08:20:31 --> Undefined variable: level
#0 C:\laragon\www\edi_pelaminan\app\Views\template\V_menu.php(25): CodeIgniter\Debug\Exceptions->errorHandler(8, 'Undefined varia...', 'C:\\laragon\\www\\...', 25, Array)
#1 C:\laragon\www\edi_pelaminan\system\View\View.php(210): include('C:\\laragon\\www\\...')
#2 C:\laragon\www\edi_pelaminan\system\View\View.php(213): CodeIgniter\View\View->CodeIgniter\View\{closure}()
#3 C:\laragon\www\edi_pelaminan\system\View\View.php(424): CodeIgniter\View\View->render('template/V_menu', NULL, true)
#4 C:\laragon\www\edi_pelaminan\app\Views\template\V_header.php(77): CodeIgniter\View\View->include('template/V_menu')
#5 C:\laragon\www\edi_pelaminan\system\View\View.php(210): include('C:\\laragon\\www\\...')
#6 C:\laragon\www\edi_pelaminan\system\View\View.php(213): CodeIgniter\View\View->CodeIgniter\View\{closure}()
#7 C:\laragon\www\edi_pelaminan\system\View\View.php(226): CodeIgniter\View\View->render('template/V_head...', Array, true)
#8 C:\laragon\www\edi_pelaminan\system\Common.php(1089): CodeIgniter\View\View->render('penyewaan/V_lis...', Array, true)
#9 C:\laragon\www\edi_pelaminan\app\Controllers\C_konfirmasi_sewa.php(17): view('penyewaan/V_lis...', Array)
#10 C:\laragon\www\edi_pelaminan\system\CodeIgniter.php(825): App\Controllers\C_konfirmasi_sewa->index()
#11 C:\laragon\www\edi_pelaminan\system\CodeIgniter.php(412): CodeIgniter\CodeIgniter->runController(Object(App\Controllers\C_konfirmasi_sewa))
#12 C:\laragon\www\edi_pelaminan\system\CodeIgniter.php(320): CodeIgniter\CodeIgniter->handleRequest(NULL, Object(Config\Cache), false)
#13 C:\laragon\www\edi_pelaminan\index.php(37): CodeIgniter\CodeIgniter->run()
#14 {main}
CRITICAL - 2022-03-16 08:22:58 --> Trying to get property 'id' of non-object
#0 C:\laragon\www\edi_pelaminan\app\Views\profil_penyewa\V_profil.php(12): CodeIgniter\Debug\Exceptions->errorHandler(8, 'Trying to get p...', 'C:\\laragon\\www\\...', 12, Array)
#1 C:\laragon\www\edi_pelaminan\system\View\View.php(210): include('C:\\laragon\\www\\...')
#2 C:\laragon\www\edi_pelaminan\system\View\View.php(213): CodeIgniter\View\View->CodeIgniter\View\{closure}()
#3 C:\laragon\www\edi_pelaminan\system\Common.php(1089): CodeIgniter\View\View->render('profil_penyewa/...', Array, true)
#4 C:\laragon\www\edi_pelaminan\app\Controllers\C_profil_penyewa.php(15): view('profil_penyewa/...', Array)
#5 C:\laragon\www\edi_pelaminan\system\CodeIgniter.php(825): App\Controllers\C_profil_penyewa->index()
#6 C:\laragon\www\edi_pelaminan\system\CodeIgniter.php(412): CodeIgniter\CodeIgniter->runController(Object(App\Controllers\C_profil_penyewa))
#7 C:\laragon\www\edi_pelaminan\system\CodeIgniter.php(320): CodeIgniter\CodeIgniter->handleRequest(NULL, Object(Config\Cache), false)
#8 C:\laragon\www\edi_pelaminan\index.php(37): CodeIgniter\CodeIgniter->run()
#9 {main}
